2026-06-15 15:52:37,331 WARNING database DDL Query made to DB:
alter table `tabAuthor Detail` add column if not exists parent varchar(140)
2026-06-15 15:52:37,337 WARNING database DDL Query made to DB:
alter table `tabAuthor Detail` add column if not exists parenttype varchar(140)
2026-06-15 15:52:37,338 WARNING database DDL Query made to DB:
alter table `tabAuthor Detail` add column if not exists parentfield varchar(140)
2026-06-15 15:52:37,441 WARNING database DDL Query made to DB:
ALTER TABLE `tabAuthor Detail` ADD COLUMN `bio` text
2026-06-15 15:55:11,083 WARNING database DDL Query made to DB:
alter table `tabAuthor Detail` add column if not exists parent varchar(140)
2026-06-15 15:55:11,084 WARNING database DDL Query made to DB:
alter table `tabAuthor Detail` add column if not exists parenttype varchar(140)
2026-06-15 15:55:11,086 WARNING database DDL Query made to DB:
alter table `tabAuthor Detail` add column if not exists parentfield varchar(140)
2026-06-17 13:11:59,795 WARNING database DDL Query made to DB:
ALTER TABLE `tabLoan` ADD COLUMN `full_name` varchar(140)
2026-06-17 13:13:02,561 WARNING database DDL Query made to DB:
ALTER TABLE `tabLibrary Member` ADD COLUMN `full_name` varchar(140)
2026-06-17 15:59:18,039 WARNING database DDL Query made to DB:
ALTER TABLE `tabLoan` ADD COLUMN `return_date` date
